<?xml version="1.0" encoding="UTF-8"?>
<!-- Generated by org.testng.reporters.JUnitReportReporter -->
<testsuite skipped="0" hostname="DAWN" name="com.test.flipkart.BrokenLinkTest" tests="908" failures="0" timestamp="17 Mar 2019 14:15:36 GMT" time="6070.751" errors="0">
  <testcase name="f" time="6.235" classname="com.test.flipkart.BrokenLinkTest"/>
  <testcase name="f" time="2.131" classname="com.test.flipkart.BrokenLinkTest"/>
  <testcase name="f" time="5.450" classname="com.test.flipkart.BrokenLinkTest"/>
  <testcase name="f" time="5.721" classname="com.test.flipkart.BrokenLinkTest"/>
  <testcase name="f" time="3.797" classname="com.test.flipkart.BrokenLinkTest"/>
  <testcase name="f" time="12.392" classname="com.test.flipkart.BrokenLinkTest"/>
  <testcase name="f" time="12.855" classname="com.test.flipkart.BrokenLinkTest"/>
  <testcase name="f" time="7.853" classname="com.test.flipkart.BrokenLinkTest"/>
  <testcase name="f" time="3.013" classname="com.test.flipkart.BrokenLinkTest"/>
  <testcase name="f" time="18.409" classname="com.test.flipkart.BrokenLinkTest"/>
  <testcase name="f" time="11.310" classname="com.test.flipkart.BrokenLinkTest"/>
  <testcase name="f" time="1.490" classname="com.test.flipkart.BrokenLinkTest"/>
  <testcase name="f" time="13.008" classname="com.test.flipkart.BrokenLinkTest"/>
  <testcase name="f" time="3.467" classname="com.test.flipkart.BrokenLinkTest"/>
  <testcase name="f" time="3.595" classname="com.test.flipkart.BrokenLinkTest"/>
  <testcase name="f" time="4.753" classname="com.test.flipkart.BrokenLinkTest"/>
  <testcase name="f" time="3.753" classname="com.test.flipkart.BrokenLinkTest"/>
  <testcase name="f" time="6.229" classname="com.test.flipkart.BrokenLinkTest"/>
  <testcase name="f" time="3.581" classname="com.test.flipkart.BrokenLinkTest"/>
  <testcase name="f" time="21.022" classname="com.test.flipkart.BrokenLinkTest"/>
  <testcase name="f" time="6.228" classname="com.test.flipkart.BrokenLinkTest"/>
  <testcase name="f" time="16.465" classname="com.test.flipkart.BrokenLinkTest"/>
  <testcase name="f" time="3.307" classname="com.test.flipkart.BrokenLinkTest"/>
  <testcase name="f" time="4.326" classname="com.test.flipkart.BrokenLinkTest"/>
  <testcase name="f" time="5.131" classname="com.test.flipkart.BrokenLinkTest"/>
  <testcase name="f" time="7.396" classname="com.test.flipkart.BrokenLinkTest"/>
  <testcase name="f" time="1.145" classname="com.test.flipkart.BrokenLinkTest"/>
  <testcase name="f" time="3.858" classname="com.test.flipkart.BrokenLinkTest"/>
  <testcase name="f" time="11.605" classname="com.test.flipkart.BrokenLinkTest"/>
  <testcase name="f" time="3.143" classname="com.test.flipkart.BrokenLinkTest"/>
  <testcase name="f" time="2.579" classname="com.test.flipkart.BrokenLinkTest"/>
  <testcase name="f" time="8.724" classname="com.test.flipkart.BrokenLinkTest"/>
  <testcase name="f" time="3.983" classname="com.test.flipkart.BrokenLinkTest"/>
  <testcase name="f" time="3.475" classname="com.test.flipkart.BrokenLinkTest"/>
  <testcase name="f" time="16.021" classname="com.test.flipkart.BrokenLinkTest"/>
  <testcase name="f" time="2.580" classname="com.test.flipkart.BrokenLinkTest"/>
  <testcase name="f" time="6.411" classname="com.test.flipkart.BrokenLinkTest"/>
  <testcase name="f" time="12.063" classname="com.test.flipkart.BrokenLinkTest"/>
  <testcase name="f" time="4.770" classname="com.test.flipkart.BrokenLinkTest"/>
  <testcase name="f" time="3.024" classname="com.test.flipkart.BrokenLinkTest"/>
  <testcase name="f" time="4.346" classname="com.test.flipkart.BrokenLinkTest"/>
  <testcase name="f" time="12.728" classname="com.test.flipkart.BrokenLinkTest"/>
  <testcase name="f" time="3.056" classname="com.test.flipkart.BrokenLinkTest"/>
  <testcase name="f" time="14.611" classname="com.test.flipkart.BrokenLinkTest"/>
  <testcase name="f" time="3.561" classname="com.test.flipkart.BrokenLinkTest"/>
  <testcase name="f" time="15.627" classname="com.test.flipkart.BrokenLinkTest"/>
  <testcase name="f" time="3.382" classname="com.test.flipkart.BrokenLinkTest"/>
  <testcase name="f" time="4.691" classname="com.test.flipkart.BrokenLinkTest"/>
  <testcase name="f" time="5.124" classname="com.test.flipkart.BrokenLinkTest"/>
  <testcase name="f" time="9.280" classname="com.test.flipkart.BrokenLinkTest"/>
  <testcase name="f" time="26.399" classname="com.test.flipkart.BrokenLinkTest"/>
  <testcase name="f" time="5.292" classname="com.test.flipkart.BrokenLinkTest"/>
  <testcase name="f" time="1.322" classname="com.test.flipkart.BrokenLinkTest"/>
  <testcase name="f" time="2.194" classname="com.test.flipkart.BrokenLinkTest"/>
  <testcase name="f" time="4.870" classname="com.test.flipkart.BrokenLinkTest"/>
  <testcase name="f" time="11.576" classname="com.test.flipkart.BrokenLinkTest"/>
  <testcase name="f" time="2.208" classname="com.test.flipkart.BrokenLinkTest"/>
  <testcase name="f" time="3.968" classname="com.test.flipkart.BrokenLinkTest"/>
  <testcase name="f" time="5.871" classname="com.test.flipkart.BrokenLinkTest"/>
  <testcase name="f" time="5.184" classname="com.test.flipkart.BrokenLinkTest"/>
  <testcase name="f" time="4.668" classname="com.test.flipkart.BrokenLinkTest"/>
  <testcase name="f" time="2.958" classname="com.test.flipkart.BrokenLinkTest"/>
  <testcase name="f" time="23.920" classname="com.test.flipkart.BrokenLinkTest"/>
  <testcase name="f" time="12.103" classname="com.test.flipkart.BrokenLinkTest"/>
  <testcase name="f" time="2.957" classname="com.test.flipkart.BrokenLinkTest"/>
  <testcase name="f" time="5.904" classname="com.test.flipkart.BrokenLinkTest"/>
  <testcase name="f" time="4.245" classname="com.test.flipkart.BrokenLinkTest"/>
  <testcase name="f" time="4.999" classname="com.test.flipkart.BrokenLinkTest"/>
  <testcase name="f" time="2.114" classname="com.test.flipkart.BrokenLinkTest"/>
  <testcase name="f" time="4.337" classname="com.test.flipkart.BrokenLinkTest"/>
  <testcase name="f" time="1.772" classname="com.test.flipkart.BrokenLinkTest"/>
  <testcase name="f" time="3.474" classname="com.test.flipkart.BrokenLinkTest"/>
  <testcase name="f" time="3.063" classname="com.test.flipkart.BrokenLinkTest"/>
  <testcase name="f" time="16.502" classname="com.test.flipkart.BrokenLinkTest"/>
  <testcase name="f" time="2.583" classname="com.test.flipkart.BrokenLinkTest"/>
  <testcase name="f" time="3.399" classname="com.test.flipkart.BrokenLinkTest"/>
  <testcase name="f" time="2.990" classname="com.test.flipkart.BrokenLinkTest"/>
  <testcase name="f" time="7.877" classname="com.test.flipkart.BrokenLinkTest"/>
  <testcase name="f" time="4.740" classname="com.test.flipkart.BrokenLinkTest"/>
  <testcase name="f" time="8.938" classname="com.test.flipkart.BrokenLinkTest"/>
  <testcase name="f" time="3.020" classname="com.test.flipkart.BrokenLinkTest"/>
  <testcase name="f" time="2.988" classname="com.test.flipkart.BrokenLinkTest"/>
  <testcase name="f" time="14.868" classname="com.test.flipkart.BrokenLinkTest"/>
  <testcase name="f" time="3.470" classname="com.test.flipkart.BrokenLinkTest"/>
  <testcase name="f" time="4.117" classname="com.test.flipkart.BrokenLinkTest"/>
  <testcase name="f" time="3.072" classname="com.test.flipkart.BrokenLinkTest"/>
  <testcase name="f" time="2.110" classname="com.test.flipkart.BrokenLinkTest"/>
  <testcase name="f" time="3.433" classname="com.test.flipkart.BrokenLinkTest"/>
  <testcase name="f" time="4.707" classname="com.test.flipkart.BrokenLinkTest"/>
  <testcase name="f" time="3.106" classname="com.test.flipkart.BrokenLinkTest"/>
  <testcase name="f" time="4.087" classname="com.test.flipkart.BrokenLinkTest"/>
  <testcase name="f" time="5.030" classname="com.test.flipkart.BrokenLinkTest"/>
  <testcase name="f" time="2.396" classname="com.test.flipkart.BrokenLinkTest"/>
  <testcase name="f" time="2.997" classname="com.test.flipkart.BrokenLinkTest"/>
  <testcase name="f" time="12.313" classname="com.test.flipkart.BrokenLinkTest"/>
  <testcase name="f" time="3.325" classname="com.test.flipkart.BrokenLinkTest"/>
  <testcase name="f" time="0.834" classname="com.test.flipkart.BrokenLinkTest"/>
  <testcase name="f" time="2.958" classname="com.test.flipkart.BrokenLinkTest"/>
  <testcase name="f" time="2.078" classname="com.test.flipkart.BrokenLinkTest"/>
  <testcase name="f" time="8.455" classname="com.test.flipkart.BrokenLinkTest"/>
  <testcase name="f" time="4.643" classname="com.test.flipkart.BrokenLinkTest"/>
  <testcase name="f" time="11.974" classname="com.test.flipkart.BrokenLinkTest"/>
  <testcase name="f" time="3.861" classname="com.test.flipkart.BrokenLinkTest"/>
  <testcase name="f" time="4.080" classname="com.test.flipkart.BrokenLinkTest"/>
  <testcase name="f" time="5.315" classname="com.test.flipkart.BrokenLinkTest"/>
  <testcase name="f" time="8.833" classname="com.test.flipkart.BrokenLinkTest"/>
  <testcase name="f" time="15.173" classname="com.test.flipkart.BrokenLinkTest"/>
  <testcase name="f" time="5.716" classname="com.test.flipkart.BrokenLinkTest"/>
  <testcase name="f" time="4.830" classname="com.test.flipkart.BrokenLinkTest"/>
  <testcase name="f" time="2.945" classname="com.test.flipkart.BrokenLinkTest"/>
  <testcase name="f" time="6.742" classname="com.test.flipkart.BrokenLinkTest"/>
  <testcase name="f" time="7.009" classname="com.test.flipkart.BrokenLinkTest"/>
  <testcase name="f" time="3.542" classname="com.test.flipkart.BrokenLinkTest"/>
  <testcase name="f" time="3.191" classname="com.test.flipkart.BrokenLinkTest"/>
  <testcase name="f" time="1.947" classname="com.test.flipkart.BrokenLinkTest"/>
  <testcase name="f" time="3.066" classname="com.test.flipkart.BrokenLinkTest"/>
  <testcase name="f" time="2.053" classname="com.test.flipkart.BrokenLinkTest"/>
  <testcase name="f" time="3.177" classname="com.test.flipkart.BrokenLinkTest"/>
  <testcase name="f" time="2.874" classname="com.test.flipkart.BrokenLinkTest"/>
  <testcase name="f" time="2.469" classname="com.test.flipkart.BrokenLinkTest"/>
  <testcase name="f" time="3.428" classname="com.test.flipkart.BrokenLinkTest"/>
  <testcase name="f" time="2.794" classname="com.test.flipkart.BrokenLinkTest"/>
  <testcase name="f" time="10.404" classname="com.test.flipkart.BrokenLinkTest"/>
  <testcase name="f" time="5.408" classname="com.test.flipkart.BrokenLinkTest"/>
  <testcase name="f" time="3.545" classname="com.test.flipkart.BrokenLinkTest"/>
  <testcase name="f" time="4.511" classname="com.test.flipkart.BrokenLinkTest"/>
  <testcase name="f" time="3.017" classname="com.test.flipkart.BrokenLinkTest"/>
  <testcase name="f" time="5.260" classname="com.test.flipkart.BrokenLinkTest"/>
  <testcase name="f" time="3.084" classname="com.test.flipkart.BrokenLinkTest"/>
  <testcase name="f" time="4.706" classname="com.test.flipkart.BrokenLinkTest"/>
  <testcase name="f" time="2.696" classname="com.test.flipkart.BrokenLinkTest"/>
  <testcase name="f" time="12.398" classname="com.test.flipkart.BrokenLinkTest"/>
  <testcase name="f" time="11.656" classname="com.test.flipkart.BrokenLinkTest"/>
  <testcase name="f" time="3.866" classname="com.test.flipkart.BrokenLinkTest"/>
  <testcase name="f" time="2.350" classname="com.test.flipkart.BrokenLinkTest"/>
  <testcase name="f" time="3.597" classname="com.test.flipkart.BrokenLinkTest"/>
  <testcase name="f" time="11.766" classname="com.test.flipkart.BrokenLinkTest"/>
  <testcase name="f" time="13.004" classname="com.test.flipkart.BrokenLinkTest"/>
  <testcase name="f" time="2.896" classname="com.test.flipkart.BrokenLinkTest"/>
  <testcase name="f" time="12.058" classname="com.test.flipkart.BrokenLinkTest"/>
  <testcase name="f" time="13.776" classname="com.test.flipkart.BrokenLinkTest"/>
  <testcase name="f" time="5.519" classname="com.test.flipkart.BrokenLinkTest"/>
  <testcase name="f" time="2.682" classname="com.test.flipkart.BrokenLinkTest"/>
  <testcase name="f" time="5.203" classname="com.test.flipkart.BrokenLinkTest"/>
  <testcase name="f" time="3.051" classname="com.test.flipkart.BrokenLinkTest"/>
  <testcase name="f" time="30.567" classname="com.test.flipkart.BrokenLinkTest"/>
  <testcase name="f" time="3.072" classname="com.test.flipkart.BrokenLinkTest"/>
  <testcase name="f" time="18.695" classname="com.test.flipkart.BrokenLinkTest"/>
  <testcase name="f" time="4.385" classname="com.test.flipkart.BrokenLinkTest"/>
  <testcase name="f" time="12.435" classname="com.test.flipkart.BrokenLinkTest"/>
  <testcase name="f" time="2.132" classname="com.test.flipkart.BrokenLinkTest"/>
  <testcase name="f" time="6.496" classname="com.test.flipkart.BrokenLinkTest"/>
  <testcase name="f" time="2.806" classname="com.test.flipkart.BrokenLinkTest"/>
  <testcase name="f" time="3.792" classname="com.test.flipkart.BrokenLinkTest"/>
  <testcase name="f" time="3.925" classname="com.test.flipkart.BrokenLinkTest"/>
  <testcase name="f" time="4.520" classname="com.test.flipkart.BrokenLinkTest"/>
  <testcase name="f" time="3.670" classname="com.test.flipkart.BrokenLinkTest"/>
  <testcase name="f" time="11.641" classname="com.test.flipkart.BrokenLinkTest"/>
  <testcase name="f" time="2.615" classname="com.test.flipkart.BrokenLinkTest"/>
  <testcase name="f" time="3.873" classname="com.test.flipkart.BrokenLinkTest"/>
  <testcase name="f" time="5.312" classname="com.test.flipkart.BrokenLinkTest"/>
  <testcase name="f" time="2.653" classname="com.test.flipkart.BrokenLinkTest"/>
  <testcase name="f" time="3.185" classname="com.test.flipkart.BrokenLinkTest"/>
  <testcase name="f" time="3.430" classname="com.test.flipkart.BrokenLinkTest"/>
  <testcase name="f" time="3.192" classname="com.test.flipkart.BrokenLinkTest"/>
  <testcase name="f" time="31.378" classname="com.test.flipkart.BrokenLinkTest"/>
  <testcase name="f" time="5.034" classname="com.test.flipkart.BrokenLinkTest"/>
  <testcase name="f" time="11.665" classname="com.test.flipkart.BrokenLinkTest"/>
  <testcase name="f" time="10.116" classname="com.test.flipkart.BrokenLinkTest"/>
  <testcase name="f" time="5.260" classname="com.test.flipkart.BrokenLinkTest"/>
  <testcase name="f" time="26.487" classname="com.test.flipkart.BrokenLinkTest"/>
  <testcase name="f" time="12.227" classname="com.test.flipkart.BrokenLinkTest"/>
  <testcase name="f" time="12.776" classname="com.test.flipkart.BrokenLinkTest"/>
  <testcase name="f" time="3.066" classname="com.test.flipkart.BrokenLinkTest"/>
  <testcase name="f" time="9.747" classname="com.test.flipkart.BrokenLinkTest"/>
  <testcase name="f" time="3.401" classname="com.test.flipkart.BrokenLinkTest"/>
  <testcase name="f" time="4.277" classname="com.test.flipkart.BrokenLinkTest"/>
  <testcase name="f" time="4.110" classname="com.test.flipkart.BrokenLinkTest"/>
  <testcase name="f" time="2.866" classname="com.test.flipkart.BrokenLinkTest"/>
  <testcase name="f" time="11.990" classname="com.test.flipkart.BrokenLinkTest"/>
  <testcase name="f" time="12.054" classname="com.test.flipkart.BrokenLinkTest"/>
  <testcase name="f" time="3.821" classname="com.test.flipkart.BrokenLinkTest"/>
  <testcase name="f" time="5.986" classname="com.test.flipkart.BrokenLinkTest"/>
  <testcase name="f" time="3.796" classname="com.test.flipkart.BrokenLinkTest"/>
  <testcase name="f" time="3.414" classname="com.test.flipkart.BrokenLinkTest"/>
  <testcase name="f" time="4.597" classname="com.test.flipkart.BrokenLinkTest"/>
  <testcase name="f" time="4.279" classname="com.test.flipkart.BrokenLinkTest"/>
  <testcase name="f" time="4.663" classname="com.test.flipkart.BrokenLinkTest"/>
  <testcase name="f" time="12.527" classname="com.test.flipkart.BrokenLinkTest"/>
  <testcase name="f" time="2.144" classname="com.test.flipkart.BrokenLinkTest"/>
  <testcase name="f" time="1.090" classname="com.test.flipkart.BrokenLinkTest"/>
  <testcase name="f" time="2.520" classname="com.test.flipkart.BrokenLinkTest"/>
  <testcase name="f" time="15.681" classname="com.test.flipkart.BrokenLinkTest"/>
  <testcase name="f" time="8.282" classname="com.test.flipkart.BrokenLinkTest"/>
  <testcase name="f" time="24.501" classname="com.test.flipkart.BrokenLinkTest"/>
  <testcase name="f" time="3.191" classname="com.test.flipkart.BrokenLinkTest"/>
  <testcase name="f" time="7.778" classname="com.test.flipkart.BrokenLinkTest"/>
  <testcase name="f" time="3.442" classname="com.test.flipkart.BrokenLinkTest"/>
  <testcase name="f" time="6.174" classname="com.test.flipkart.BrokenLinkTest"/>
  <testcase name="f" time="32.902" classname="com.test.flipkart.BrokenLinkTest"/>
  <testcase name="f" time="14.457" classname="com.test.flipkart.BrokenLinkTest"/>
  <testcase name="f" time="18.492" classname="com.test.flipkart.BrokenLinkTest"/>
  <testcase name="f" time="5.580" classname="com.test.flipkart.BrokenLinkTest"/>
  <testcase name="f" time="18.860" classname="com.test.flipkart.BrokenLinkTest"/>
  <testcase name="f" time="32.101" classname="com.test.flipkart.BrokenLinkTest"/>
  <testcase name="f" time="14.970" classname="com.test.flipkart.BrokenLinkTest"/>
  <testcase name="f" time="4.422" classname="com.test.flipkart.BrokenLinkTest"/>
  <testcase name="f" time="4.112" classname="com.test.flipkart.BrokenLinkTest"/>
  <testcase name="f" time="3.014" classname="com.test.flipkart.BrokenLinkTest"/>
  <testcase name="f" time="11.900" classname="com.test.flipkart.BrokenLinkTest"/>
  <testcase name="f" time="2.928" classname="com.test.flipkart.BrokenLinkTest"/>
  <testcase name="f" time="5.107" classname="com.test.flipkart.BrokenLinkTest"/>
  <testcase name="f" time="4.136" classname="com.test.flipkart.BrokenLinkTest"/>
  <testcase name="f" time="3.533" classname="com.test.flipkart.BrokenLinkTest"/>
  <testcase name="f" time="7.497" classname="com.test.flipkart.BrokenLinkTest"/>
  <testcase name="f" time="11.708" classname="com.test.flipkart.BrokenLinkTest"/>
  <testcase name="f" time="12.028" classname="com.test.flipkart.BrokenLinkTest"/>
  <testcase name="f" time="2.101" classname="com.test.flipkart.BrokenLinkTest"/>
  <testcase name="f" time="2.820" classname="com.test.flipkart.BrokenLinkTest"/>
  <testcase name="f" time="22.861" classname="com.test.flipkart.BrokenLinkTest"/>
  <testcase name="f" time="3.584" classname="com.test.flipkart.BrokenLinkTest"/>
  <testcase name="f" time="7.855" classname="com.test.flipkart.BrokenLinkTest"/>
  <testcase name="f" time="23.293" classname="com.test.flipkart.BrokenLinkTest"/>
  <testcase name="f" time="3.177" classname="com.test.flipkart.BrokenLinkTest"/>
  <testcase name="f" time="1.909" classname="com.test.flipkart.BrokenLinkTest"/>
  <testcase name="f" time="32.949" classname="com.test.flipkart.BrokenLinkTest"/>
  <testcase name="f" time="2.641" classname="com.test.flipkart.BrokenLinkTest"/>
  <testcase name="f" time="4.546" classname="com.test.flipkart.BrokenLinkTest"/>
  <testcase name="f" time="4.269" classname="com.test.flipkart.BrokenLinkTest"/>
  <testcase name="f" time="2.438" classname="com.test.flipkart.BrokenLinkTest"/>
  <testcase name="f" time="4.265" classname="com.test.flipkart.BrokenLinkTest"/>
  <testcase name="f" time="11.459" classname="com.test.flipkart.BrokenLinkTest"/>
  <testcase name="f" time="6.086" classname="com.test.flipkart.BrokenLinkTest"/>
  <testcase name="f" time="2.289" classname="com.test.flipkart.BrokenLinkTest"/>
  <testcase name="f" time="10.579" classname="com.test.flipkart.BrokenLinkTest"/>
  <testcase name="f" time="2.945" classname="com.test.flipkart.BrokenLinkTest"/>
  <testcase name="f" time="9.673" classname="com.test.flipkart.BrokenLinkTest"/>
  <testcase name="f" time="4.353" classname="com.test.flipkart.BrokenLinkTest"/>
  <testcase name="f" time="12.330" classname="com.test.flipkart.BrokenLinkTest"/>
  <testcase name="f" time="12.598" classname="com.test.flipkart.BrokenLinkTest"/>
  <testcase name="f" time="9.343" classname="com.test.flipkart.BrokenLinkTest"/>
  <testcase name="f" time="3.080" classname="com.test.flipkart.BrokenLinkTest"/>
  <testcase name="f" time="2.341" classname="com.test.flipkart.BrokenLinkTest"/>
  <testcase name="f" time="10.669" classname="com.test.flipkart.BrokenLinkTest"/>
  <testcase name="f" time="3.731" classname="com.test.flipkart.BrokenLinkTest"/>
  <testcase name="f" time="3.005" classname="com.test.flipkart.BrokenLinkTest"/>
  <testcase name="f" time="7.204" classname="com.test.flipkart.BrokenLinkTest"/>
  <testcase name="f" time="11.912" classname="com.test.flipkart.BrokenLinkTest"/>
  <testcase name="f" time="3.288" classname="com.test.flipkart.BrokenLinkTest"/>
  <testcase name="f" time="4.611" classname="com.test.flipkart.BrokenLinkTest"/>
  <testcase name="f" time="3.545" classname="com.test.flipkart.BrokenLinkTest"/>
  <testcase name="f" time="12.556" classname="com.test.flipkart.BrokenLinkTest"/>
  <testcase name="f" time="5.861" classname="com.test.flipkart.BrokenLinkTest"/>
  <testcase name="f" time="5.370" classname="com.test.flipkart.BrokenLinkTest"/>
  <testcase name="f" time="2.751" classname="com.test.flipkart.BrokenLinkTest"/>
  <testcase name="f" time="2.915" classname="com.test.flipkart.BrokenLinkTest"/>
  <testcase name="f" time="6.522" classname="com.test.flipkart.BrokenLinkTest"/>
  <testcase name="f" time="18.900" classname="com.test.flipkart.BrokenLinkTest"/>
  <testcase name="f" time="3.971" classname="com.test.flipkart.BrokenLinkTest"/>
  <testcase name="f" time="2.960" classname="com.test.flipkart.BrokenLinkTest"/>
  <testcase name="f" time="22.560" classname="com.test.flipkart.BrokenLinkTest"/>
  <testcase name="f" time="3.541" classname="com.test.flipkart.BrokenLinkTest"/>
  <testcase name="f" time="7.137" classname="com.test.flipkart.BrokenLinkTest"/>
  <testcase name="f" time="12.025" classname="com.test.flipkart.BrokenLinkTest"/>
  <testcase name="f" time="3.771" classname="com.test.flipkart.BrokenLinkTest"/>
  <testcase name="f" time="11.677" classname="com.test.flipkart.BrokenLinkTest"/>
  <testcase name="f" time="3.764" classname="com.test.flipkart.BrokenLinkTest"/>
  <testcase name="f" time="4.536" classname="com.test.flipkart.BrokenLinkTest"/>
  <testcase name="f" time="5.475" classname="com.test.flipkart.BrokenLinkTest"/>
  <testcase name="f" time="3.641" classname="com.test.flipkart.BrokenLinkTest"/>
  <testcase name="f" time="23.726" classname="com.test.flipkart.BrokenLinkTest"/>
  <testcase name="f" time="2.532" classname="com.test.flipkart.BrokenLinkTest"/>
  <testcase name="f" time="2.087" classname="com.test.flipkart.BrokenLinkTest"/>
  <testcase name="f" time="4.717" classname="com.test.flipkart.BrokenLinkTest"/>
  <testcase name="f" time="11.942" classname="com.test.flipkart.BrokenLinkTest"/>
  <testcase name="f" time="3.183" classname="com.test.flipkart.BrokenLinkTest"/>
  <testcase name="f" time="2.794" classname="com.test.flipkart.BrokenLinkTest"/>
  <testcase name="f" time="4.615" classname="com.test.flipkart.BrokenLinkTest"/>
  <testcase name="f" time="11.095" classname="com.test.flipkart.BrokenLinkTest"/>
  <testcase name="f" time="3.939" classname="com.test.flipkart.BrokenLinkTest"/>
  <testcase name="f" time="8.067" classname="com.test.flipkart.BrokenLinkTest"/>
  <testcase name="f" time="2.564" classname="com.test.flipkart.BrokenLinkTest"/>
  <testcase name="f" time="6.478" classname="com.test.flipkart.BrokenLinkTest"/>
  <testcase name="f" time="2.784" classname="com.test.flipkart.BrokenLinkTest"/>
  <testcase name="f" time="5.017" classname="com.test.flipkart.BrokenLinkTest"/>
  <testcase name="f" time="3.703" classname="com.test.flipkart.BrokenLinkTest"/>
  <testcase name="f" time="3.897" classname="com.test.flipkart.BrokenLinkTest"/>
  <testcase name="f" time="4.889" classname="com.test.flipkart.BrokenLinkTest"/>
  <testcase name="f" time="3.271" classname="com.test.flipkart.BrokenLinkTest"/>
  <testcase name="f" time="4.173" classname="com.test.flipkart.BrokenLinkTest"/>
  <testcase name="f" time="10.093" classname="com.test.flipkart.BrokenLinkTest"/>
  <testcase name="f" time="3.221" classname="com.test.flipkart.BrokenLinkTest"/>
  <testcase name="f" time="9.853" classname="com.test.flipkart.BrokenLinkTest"/>
  <testcase name="f" time="3.310" classname="com.test.flipkart.BrokenLinkTest"/>
  <testcase name="f" time="4.093" classname="com.test.flipkart.BrokenLinkTest"/>
  <testcase name="f" time="15.323" classname="com.test.flipkart.BrokenLinkTest"/>
  <testcase name="f" time="2.686" classname="com.test.flipkart.BrokenLinkTest"/>
  <testcase name="f" time="3.931" classname="com.test.flipkart.BrokenLinkTest"/>
  <testcase name="f" time="2.103" classname="com.test.flipkart.BrokenLinkTest"/>
  <testcase name="f" time="1.693" classname="com.test.flipkart.BrokenLinkTest"/>
  <testcase name="f" time="3.713" classname="com.test.flipkart.BrokenLinkTest"/>
  <testcase name="f" time="3.151" classname="com.test.flipkart.BrokenLinkTest"/>
  <testcase name="f" time="5.840" classname="com.test.flipkart.BrokenLinkTest"/>
  <testcase name="f" time="4.124" classname="com.test.flipkart.BrokenLinkTest"/>
  <testcase name="f" time="5.708" classname="com.test.flipkart.BrokenLinkTest"/>
  <testcase name="f" time="9.320" classname="com.test.flipkart.BrokenLinkTest"/>
  <testcase name="f" time="2.268" classname="com.test.flipkart.BrokenLinkTest"/>
  <testcase name="f" time="3.249" classname="com.test.flipkart.BrokenLinkTest"/>
  <testcase name="f" time="3.395" classname="com.test.flipkart.BrokenLinkTest"/>
  <testcase name="f" time="11.244" classname="com.test.flipkart.BrokenLinkTest"/>
  <testcase name="f" time="18.832" classname="com.test.flipkart.BrokenLinkTest"/>
  <testcase name="f" time="3.660" classname="com.test.flipkart.BrokenLinkTest"/>
  <testcase name="f" time="15.505" classname="com.test.flipkart.BrokenLinkTest"/>
  <testcase name="f" time="4.414" classname="com.test.flipkart.BrokenLinkTest"/>
  <testcase name="f" time="5.245" classname="com.test.flipkart.BrokenLinkTest"/>
  <testcase name="f" time="15.174" classname="com.test.flipkart.BrokenLinkTest"/>
  <testcase name="f" time="6.296" classname="com.test.flipkart.BrokenLinkTest"/>
  <testcase name="f" time="13.271" classname="com.test.flipkart.BrokenLinkTest"/>
  <testcase name="f" time="3.021" classname="com.test.flipkart.BrokenLinkTest"/>
  <testcase name="f" time="4.390" classname="com.test.flipkart.BrokenLinkTest"/>
  <testcase name="f" time="7.707" classname="com.test.flipkart.BrokenLinkTest"/>
  <testcase name="f" time="15.842" classname="com.test.flipkart.BrokenLinkTest"/>
  <testcase name="f" time="12.381" classname="com.test.flipkart.BrokenLinkTest"/>
  <testcase name="f" time="8.678" classname="com.test.flipkart.BrokenLinkTest"/>
  <testcase name="f" time="8.611" classname="com.test.flipkart.BrokenLinkTest"/>
  <testcase name="f" time="5.300" classname="com.test.flipkart.BrokenLinkTest"/>
  <testcase name="f" time="12.034" classname="com.test.flipkart.BrokenLinkTest"/>
  <testcase name="f" time="5.761" classname="com.test.flipkart.BrokenLinkTest"/>
  <testcase name="f" time="5.313" classname="com.test.flipkart.BrokenLinkTest"/>
  <testcase name="f" time="12.012" classname="com.test.flipkart.BrokenLinkTest"/>
  <testcase name="f" time="9.071" classname="com.test.flipkart.BrokenLinkTest"/>
  <testcase name="f" time="12.175" classname="com.test.flipkart.BrokenLinkTest"/>
  <testcase name="f" time="11.933" classname="com.test.flipkart.BrokenLinkTest"/>
  <testcase name="f" time="3.606" classname="com.test.flipkart.BrokenLinkTest"/>
  <testcase name="f" time="10.230" classname="com.test.flipkart.BrokenLinkTest"/>
  <testcase name="f" time="4.867" classname="com.test.flipkart.BrokenLinkTest"/>
  <testcase name="f" time="2.170" classname="com.test.flipkart.BrokenLinkTest"/>
  <testcase name="f" time="2.633" classname="com.test.flipkart.BrokenLinkTest"/>
  <testcase name="f" time="4.330" classname="com.test.flipkart.BrokenLinkTest"/>
  <testcase name="f" time="10.803" classname="com.test.flipkart.BrokenLinkTest"/>
  <testcase name="f" time="23.447" classname="com.test.flipkart.BrokenLinkTest"/>
  <testcase name="f" time="3.906" classname="com.test.flipkart.BrokenLinkTest"/>
  <testcase name="f" time="5.363" classname="com.test.flipkart.BrokenLinkTest"/>
  <testcase name="f" time="4.422" classname="com.test.flipkart.BrokenLinkTest"/>
  <testcase name="f" time="12.863" classname="com.test.flipkart.BrokenLinkTest"/>
  <testcase name="f" time="4.046" classname="com.test.flipkart.BrokenLinkTest"/>
  <testcase name="f" time="2.942" classname="com.test.flipkart.BrokenLinkTest"/>
  <testcase name="f" time="1.854" classname="com.test.flipkart.BrokenLinkTest"/>
  <testcase name="f" time="4.138" classname="com.test.flipkart.BrokenLinkTest"/>
  <testcase name="f" time="7.335" classname="com.test.flipkart.BrokenLinkTest"/>
  <testcase name="f" time="9.217" classname="com.test.flipkart.BrokenLinkTest"/>
  <testcase name="f" time="5.133" classname="com.test.flipkart.BrokenLinkTest"/>
  <testcase name="f" time="2.641" classname="com.test.flipkart.BrokenLinkTest"/>
  <testcase name="f" time="5.305" classname="com.test.flipkart.BrokenLinkTest"/>
  <testcase name="f" time="4.211" classname="com.test.flipkart.BrokenLinkTest"/>
  <testcase name="f" time="2.586" classname="com.test.flipkart.BrokenLinkTest"/>
  <testcase name="f" time="2.965" classname="com.test.flipkart.BrokenLinkTest"/>
  <testcase name="f" time="3.132" classname="com.test.flipkart.BrokenLinkTest"/>
  <testcase name="f" time="5.356" classname="com.test.flipkart.BrokenLinkTest"/>
  <testcase name="f" time="3.253" classname="com.test.flipkart.BrokenLinkTest"/>
  <testcase name="f" time="5.356" classname="com.test.flipkart.BrokenLinkTest"/>
  <testcase name="f" time="6.087" classname="com.test.flipkart.BrokenLinkTest"/>
  <testcase name="f" time="12.609" classname="com.test.flipkart.BrokenLinkTest"/>
  <testcase name="f" time="3.085" classname="com.test.flipkart.BrokenLinkTest"/>
  <testcase name="f" time="5.452" classname="com.test.flipkart.BrokenLinkTest"/>
  <testcase name="f" time="2.655" classname="com.test.flipkart.BrokenLinkTest"/>
  <testcase name="f" time="15.502" classname="com.test.flipkart.BrokenLinkTest"/>
  <testcase name="f" time="12.262" classname="com.test.flipkart.BrokenLinkTest"/>
  <testcase name="f" time="3.174" classname="com.test.flipkart.BrokenLinkTest"/>
  <testcase name="f" time="3.744" classname="com.test.flipkart.BrokenLinkTest"/>
  <testcase name="f" time="11.660" classname="com.test.flipkart.BrokenLinkTest"/>
  <testcase name="f" time="3.320" classname="com.test.flipkart.BrokenLinkTest"/>
  <testcase name="f" time="2.710" classname="com.test.flipkart.BrokenLinkTest"/>
  <testcase name="f" time="7.260" classname="com.test.flipkart.BrokenLinkTest"/>
  <testcase name="f" time="12.177" classname="com.test.flipkart.BrokenLinkTest"/>
  <testcase name="f" time="7.628" classname="com.test.flipkart.BrokenLinkTest"/>
  <testcase name="f" time="4.767" classname="com.test.flipkart.BrokenLinkTest"/>
  <testcase name="f" time="32.195" classname="com.test.flipkart.BrokenLinkTest"/>
  <testcase name="f" time="7.776" classname="com.test.flipkart.BrokenLinkTest"/>
  <testcase name="f" time="3.357" classname="com.test.flipkart.BrokenLinkTest"/>
  <testcase name="f" time="2.138" classname="com.test.flipkart.BrokenLinkTest"/>
  <testcase name="f" time="2.906" classname="com.test.flipkart.BrokenLinkTest"/>
  <testcase name="f" time="4.968" classname="com.test.flipkart.BrokenLinkTest"/>
  <testcase name="f" time="3.850" classname="com.test.flipkart.BrokenLinkTest"/>
  <testcase name="f" time="3.298" classname="com.test.flipkart.BrokenLinkTest"/>
  <testcase name="f" time="2.872" classname="com.test.flipkart.BrokenLinkTest"/>
  <testcase name="f" time="12.117" classname="com.test.flipkart.BrokenLinkTest"/>
  <testcase name="f" time="7.646" classname="com.test.flipkart.BrokenLinkTest"/>
  <testcase name="f" time="12.451" classname="com.test.flipkart.BrokenLinkTest"/>
  <testcase name="f" time="3.797" classname="com.test.flipkart.BrokenLinkTest"/>
  <testcase name="f" time="5.594" classname="com.test.flipkart.BrokenLinkTest"/>
  <testcase name="f" time="2.082" classname="com.test.flipkart.BrokenLinkTest"/>
  <testcase name="f" time="3.163" classname="com.test.flipkart.BrokenLinkTest"/>
  <testcase name="f" time="4.393" classname="com.test.flipkart.BrokenLinkTest"/>
  <testcase name="f" time="2.084" classname="com.test.flipkart.BrokenLinkTest"/>
  <testcase name="f" time="1.025" classname="com.test.flipkart.BrokenLinkTest"/>
  <testcase name="f" time="3.481" classname="com.test.flipkart.BrokenLinkTest"/>
  <testcase name="f" time="4.113" classname="com.test.flipkart.BrokenLinkTest"/>
  <testcase name="f" time="3.348" classname="com.test.flipkart.BrokenLinkTest"/>
  <testcase name="f" time="3.039" classname="com.test.flipkart.BrokenLinkTest"/>
  <testcase name="f" time="12.243" classname="com.test.flipkart.BrokenLinkTest"/>
  <testcase name="f" time="4.313" classname="com.test.flipkart.BrokenLinkTest"/>
  <testcase name="f" time="2.420" classname="com.test.flipkart.BrokenLinkTest"/>
  <testcase name="f" time="29.963" classname="com.test.flipkart.BrokenLinkTest"/>
  <testcase name="f" time="3.847" classname="com.test.flipkart.BrokenLinkTest"/>
  <testcase name="f" time="3.350" classname="com.test.flipkart.BrokenLinkTest"/>
  <testcase name="f" time="11.258" classname="com.test.flipkart.BrokenLinkTest"/>
  <testcase name="f" time="5.911" classname="com.test.flipkart.BrokenLinkTest"/>
  <testcase name="f" time="5.588" classname="com.test.flipkart.BrokenLinkTest"/>
  <testcase name="f" time="15.593" classname="com.test.flipkart.BrokenLinkTest"/>
  <testcase name="f" time="2.576" classname="com.test.flipkart.BrokenLinkTest"/>
  <testcase name="f" time="12.363" classname="com.test.flipkart.BrokenLinkTest"/>
  <testcase name="f" time="6.402" classname="com.test.flipkart.BrokenLinkTest"/>
  <testcase name="f" time="5.535" classname="com.test.flipkart.BrokenLinkTest"/>
  <testcase name="f" time="3.817" classname="com.test.flipkart.BrokenLinkTest"/>
  <testcase name="f" time="5.300" classname="com.test.flipkart.BrokenLinkTest"/>
  <testcase name="f" time="8.311" classname="com.test.flipkart.BrokenLinkTest"/>
  <testcase name="f" time="5.048" classname="com.test.flipkart.BrokenLinkTest"/>
  <testcase name="f" time="3.514" classname="com.test.flipkart.BrokenLinkTest"/>
  <testcase name="f" time="3.702" classname="com.test.flipkart.BrokenLinkTest"/>
  <testcase name="f" time="2.949" classname="com.test.flipkart.BrokenLinkTest"/>
  <testcase name="f" time="11.543" classname="com.test.flipkart.BrokenLinkTest"/>
  <testcase name="f" time="2.361" classname="com.test.flipkart.BrokenLinkTest"/>
  <testcase name="f" time="13.465" classname="com.test.flipkart.BrokenLinkTest"/>
  <testcase name="f" time="13.122" classname="com.test.flipkart.BrokenLinkTest"/>
  <testcase name="f" time="3.374" classname="com.test.flipkart.BrokenLinkTest"/>
  <testcase name="f" time="9.808" classname="com.test.flipkart.BrokenLinkTest"/>
  <testcase name="f" time="3.436" classname="com.test.flipkart.BrokenLinkTest"/>
  <testcase name="f" time="12.365" classname="com.test.flipkart.BrokenLinkTest"/>
  <testcase name="f" time="6.035" classname="com.test.flipkart.BrokenLinkTest"/>
  <testcase name="f" time="6.362" classname="com.test.flipkart.BrokenLinkTest"/>
  <testcase name="f" time="4.112" classname="com.test.flipkart.BrokenLinkTest"/>
  <testcase name="f" time="4.908" classname="com.test.flipkart.BrokenLinkTest"/>
  <testcase name="f" time="3.127" classname="com.test.flipkart.BrokenLinkTest"/>
  <testcase name="f" time="4.155" classname="com.test.flipkart.BrokenLinkTest"/>
  <testcase name="f" time="12.747" classname="com.test.flipkart.BrokenLinkTest"/>
  <testcase name="f" time="5.244" classname="com.test.flipkart.BrokenLinkTest"/>
  <testcase name="f" time="2.635" classname="com.test.flipkart.BrokenLinkTest"/>
  <testcase name="f" time="6.552" classname="com.test.flipkart.BrokenLinkTest"/>
  <testcase name="f" time="2.451" classname="com.test.flipkart.BrokenLinkTest"/>
  <testcase name="f" time="2.970" classname="com.test.flipkart.BrokenLinkTest"/>
  <testcase name="f" time="2.838" classname="com.test.flipkart.BrokenLinkTest"/>
  <testcase name="f" time="4.014" classname="com.test.flipkart.BrokenLinkTest"/>
  <testcase name="f" time="3.272" classname="com.test.flipkart.BrokenLinkTest"/>
  <testcase name="f" time="6.101" classname="com.test.flipkart.BrokenLinkTest"/>
  <testcase name="f" time="12.542" classname="com.test.flipkart.BrokenLinkTest"/>
  <testcase name="f" time="3.753" classname="com.test.flipkart.BrokenLinkTest"/>
  <testcase name="f" time="3.078" classname="com.test.flipkart.BrokenLinkTest"/>
  <testcase name="f" time="6.455" classname="com.test.flipkart.BrokenLinkTest"/>
  <testcase name="f" time="5.746" classname="com.test.flipkart.BrokenLinkTest"/>
  <testcase name="f" time="3.369" classname="com.test.flipkart.BrokenLinkTest"/>
  <testcase name="f" time="2.607" classname="com.test.flipkart.BrokenLinkTest"/>
  <testcase name="f" time="3.439" classname="com.test.flipkart.BrokenLinkTest"/>
  <testcase name="f" time="30.578" classname="com.test.flipkart.BrokenLinkTest"/>
  <testcase name="f" time="7.907" classname="com.test.flipkart.BrokenLinkTest"/>
  <testcase name="f" time="15.749" classname="com.test.flipkart.BrokenLinkTest"/>
  <testcase name="f" time="6.608" classname="com.test.flipkart.BrokenLinkTest"/>
  <testcase name="f" time="11.830" classname="com.test.flipkart.BrokenLinkTest"/>
  <testcase name="f" time="2.934" classname="com.test.flipkart.BrokenLinkTest"/>
  <testcase name="f" time="1.754" classname="com.test.flipkart.BrokenLinkTest"/>
  <testcase name="f" time="4.378" classname="com.test.flipkart.BrokenLinkTest"/>
  <testcase name="f" time="4.233" classname="com.test.flipkart.BrokenLinkTest"/>
  <testcase name="f" time="8.563" classname="com.test.flipkart.BrokenLinkTest"/>
  <testcase name="f" time="2.148" classname="com.test.flipkart.BrokenLinkTest"/>
  <testcase name="f" time="1.990" classname="com.test.flipkart.BrokenLinkTest"/>
  <testcase name="f" time="12.260" classname="com.test.flipkart.BrokenLinkTest"/>
  <testcase name="f" time="2.833" classname="com.test.flipkart.BrokenLinkTest"/>
  <testcase name="f" time="3.526" classname="com.test.flipkart.BrokenLinkTest"/>
  <testcase name="f" time="3.187" classname="com.test.flipkart.BrokenLinkTest"/>
  <testcase name="f" time="3.247" classname="com.test.flipkart.BrokenLinkTest"/>
  <testcase name="f" time="4.278" classname="com.test.flipkart.BrokenLinkTest"/>
  <testcase name="f" time="23.689" classname="com.test.flipkart.BrokenLinkTest"/>
  <testcase name="f" time="11.702" classname="com.test.flipkart.BrokenLinkTest"/>
  <testcase name="f" time="8.005" classname="com.test.flipkart.BrokenLinkTest"/>
  <testcase name="f" time="4.321" classname="com.test.flipkart.BrokenLinkTest"/>
  <testcase name="f" time="8.048" classname="com.test.flipkart.BrokenLinkTest"/>
  <testcase name="f" time="4.930" classname="com.test.flipkart.BrokenLinkTest"/>
  <testcase name="f" time="3.448" classname="com.test.flipkart.BrokenLinkTest"/>
  <testcase name="f" time="3.226" classname="com.test.flipkart.BrokenLinkTest"/>
  <testcase name="f" time="13.884" classname="com.test.flipkart.BrokenLinkTest"/>
  <testcase name="f" time="3.700" classname="com.test.flipkart.BrokenLinkTest"/>
  <testcase name="f" time="11.362" classname="com.test.flipkart.BrokenLinkTest"/>
  <testcase name="f" time="6.318" classname="com.test.flipkart.BrokenLinkTest"/>
  <testcase name="f" time="12.311" classname="com.test.flipkart.BrokenLinkTest"/>
  <testcase name="f" time="4.362" classname="com.test.flipkart.BrokenLinkTest"/>
  <testcase name="f" time="8.857" classname="com.test.flipkart.BrokenLinkTest"/>
  <testcase name="f" time="3.112" classname="com.test.flipkart.BrokenLinkTest"/>
  <testcase name="f" time="32.402" classname="com.test.flipkart.BrokenLinkTest"/>
  <testcase name="f" time="7.415" classname="com.test.flipkart.BrokenLinkTest"/>
  <testcase name="f" time="11.414" classname="com.test.flipkart.BrokenLinkTest"/>
  <testcase name="f" time="6.761" classname="com.test.flipkart.BrokenLinkTest"/>
  <testcase name="f" time="8.492" classname="com.test.flipkart.BrokenLinkTest"/>
  <testcase name="f" time="2.481" classname="com.test.flipkart.BrokenLinkTest"/>
  <testcase name="f" time="2.925" classname="com.test.flipkart.BrokenLinkTest"/>
  <testcase name="f" time="3.890" classname="com.test.flipkart.BrokenLinkTest"/>
  <testcase name="f" time="2.724" classname="com.test.flipkart.BrokenLinkTest"/>
  <testcase name="f" time="12.980" classname="com.test.flipkart.BrokenLinkTest"/>
  <testcase name="f" time="5.720" classname="com.test.flipkart.BrokenLinkTest"/>
  <testcase name="f" time="2.085" classname="com.test.flipkart.BrokenLinkTest"/>
  <testcase name="f" time="4.654" classname="com.test.flipkart.BrokenLinkTest"/>
  <testcase name="f" time="9.058" classname="com.test.flipkart.BrokenLinkTest"/>
  <testcase name="f" time="2.608" classname="com.test.flipkart.BrokenLinkTest"/>
  <testcase name="f" time="4.403" classname="com.test.flipkart.BrokenLinkTest"/>
  <testcase name="f" time="9.278" classname="com.test.flipkart.BrokenLinkTest"/>
  <testcase name="f" time="5.274" classname="com.test.flipkart.BrokenLinkTest"/>
  <testcase name="f" time="3.574" classname="com.test.flipkart.BrokenLinkTest"/>
  <testcase name="f" time="3.640" classname="com.test.flipkart.BrokenLinkTest"/>
  <testcase name="f" time="3.226" classname="com.test.flipkart.BrokenLinkTest"/>
  <testcase name="f" time="10.788" classname="com.test.flipkart.BrokenLinkTest"/>
  <testcase name="f" time="3.278" classname="com.test.flipkart.BrokenLinkTest"/>
  <testcase name="f" time="11.433" classname="com.test.flipkart.BrokenLinkTest"/>
  <testcase name="f" time="5.746" classname="com.test.flipkart.BrokenLinkTest"/>
  <testcase name="f" time="2.131" classname="com.test.flipkart.BrokenLinkTest"/>
  <testcase name="f" time="7.715" classname="com.test.flipkart.BrokenLinkTest"/>
  <testcase name="f" time="2.463" classname="com.test.flipkart.BrokenLinkTest"/>
  <testcase name="f" time="6.503" classname="com.test.flipkart.BrokenLinkTest"/>
  <testcase name="f" time="11.533" classname="com.test.flipkart.BrokenLinkTest"/>
  <testcase name="f" time="2.641" classname="com.test.flipkart.BrokenLinkTest"/>
  <testcase name="f" time="2.529" classname="com.test.flipkart.BrokenLinkTest"/>
  <testcase name="f" time="4.221" classname="com.test.flipkart.BrokenLinkTest"/>
  <testcase name="f" time="4.781" classname="com.test.flipkart.BrokenLinkTest"/>
  <testcase name="f" time="6.034" classname="com.test.flipkart.BrokenLinkTest"/>
  <testcase name="f" time="6.470" classname="com.test.flipkart.BrokenLinkTest"/>
  <testcase name="f" time="3.964" classname="com.test.flipkart.BrokenLinkTest"/>
  <testcase name="f" time="13.128" classname="com.test.flipkart.BrokenLinkTest"/>
  <testcase name="f" time="1.258" classname="com.test.flipkart.BrokenLinkTest"/>
  <testcase name="f" time="11.513" classname="com.test.flipkart.BrokenLinkTest"/>
  <testcase name="f" time="3.699" classname="com.test.flipkart.BrokenLinkTest"/>
  <testcase name="f" time="3.127" classname="com.test.flipkart.BrokenLinkTest"/>
  <testcase name="f" time="34.400" classname="com.test.flipkart.BrokenLinkTest"/>
  <testcase name="f" time="15.616" classname="com.test.flipkart.BrokenLinkTest"/>
  <testcase name="f" time="4.242" classname="com.test.flipkart.BrokenLinkTest"/>
  <testcase name="f" time="4.568" classname="com.test.flipkart.BrokenLinkTest"/>
  <testcase name="f" time="7.511" classname="com.test.flipkart.BrokenLinkTest"/>
  <testcase name="f" time="5.553" classname="com.test.flipkart.BrokenLinkTest"/>
  <testcase name="f" time="2.747" classname="com.test.flipkart.BrokenLinkTest"/>
  <testcase name="f" time="3.476" classname="com.test.flipkart.BrokenLinkTest"/>
  <testcase name="f" time="2.665" classname="com.test.flipkart.BrokenLinkTest"/>
  <testcase name="f" time="35.383" classname="com.test.flipkart.BrokenLinkTest"/>
  <testcase name="f" time="23.542" classname="com.test.flipkart.BrokenLinkTest"/>
  <testcase name="f" time="2.172" classname="com.test.flipkart.BrokenLinkTest"/>
  <testcase name="f" time="3.787" classname="com.test.flipkart.BrokenLinkTest"/>
  <testcase name="f" time="6.535" classname="com.test.flipkart.BrokenLinkTest"/>
  <testcase name="f" time="4.539" classname="com.test.flipkart.BrokenLinkTest"/>
  <testcase name="f" time="26.659" classname="com.test.flipkart.BrokenLinkTest"/>
  <testcase name="f" time="13.074" classname="com.test.flipkart.BrokenLinkTest"/>
  <testcase name="f" time="8.625" classname="com.test.flipkart.BrokenLinkTest"/>
  <testcase name="f" time="3.234" classname="com.test.flipkart.BrokenLinkTest"/>
  <testcase name="f" time="3.010" classname="com.test.flipkart.BrokenLinkTest"/>
  <testcase name="f" time="3.205" classname="com.test.flipkart.BrokenLinkTest"/>
  <testcase name="f" time="4.589" classname="com.test.flipkart.BrokenLinkTest"/>
  <testcase name="f" time="3.525" classname="com.test.flipkart.BrokenLinkTest"/>
  <testcase name="f" time="4.905" classname="com.test.flipkart.BrokenLinkTest"/>
  <testcase name="f" time="28.364" classname="com.test.flipkart.BrokenLinkTest"/>
  <testcase name="f" time="3.393" classname="com.test.flipkart.BrokenLinkTest"/>
  <testcase name="f" time="9.206" classname="com.test.flipkart.BrokenLinkTest"/>
  <testcase name="f" time="6.053" classname="com.test.flipkart.BrokenLinkTest"/>
  <testcase name="f" time="1.281" classname="com.test.flipkart.BrokenLinkTest"/>
  <testcase name="f" time="11.935" classname="com.test.flipkart.BrokenLinkTest"/>
  <testcase name="f" time="5.469" classname="com.test.flipkart.BrokenLinkTest"/>
  <testcase name="f" time="3.298" classname="com.test.flipkart.BrokenLinkTest"/>
  <testcase name="f" time="3.804" classname="com.test.flipkart.BrokenLinkTest"/>
  <testcase name="f" time="3.947" classname="com.test.flipkart.BrokenLinkTest"/>
  <testcase name="f" time="3.645" classname="com.test.flipkart.BrokenLinkTest"/>
  <testcase name="f" time="3.571" classname="com.test.flipkart.BrokenLinkTest"/>
  <testcase name="f" time="4.750" classname="com.test.flipkart.BrokenLinkTest"/>
  <testcase name="f" time="12.701" classname="com.test.flipkart.BrokenLinkTest"/>
  <testcase name="f" time="8.438" classname="com.test.flipkart.BrokenLinkTest"/>
  <testcase name="f" time="12.035" classname="com.test.flipkart.BrokenLinkTest"/>
  <testcase name="f" time="8.178" classname="com.test.flipkart.BrokenLinkTest"/>
  <testcase name="f" time="7.003" classname="com.test.flipkart.BrokenLinkTest"/>
  <testcase name="f" time="4.027" classname="com.test.flipkart.BrokenLinkTest"/>
  <testcase name="f" time="4.580" classname="com.test.flipkart.BrokenLinkTest"/>
  <testcase name="f" time="12.342" classname="com.test.flipkart.BrokenLinkTest"/>
  <testcase name="f" time="3.464" classname="com.test.flipkart.BrokenLinkTest"/>
  <testcase name="f" time="9.316" classname="com.test.flipkart.BrokenLinkTest"/>
  <testcase name="f" time="2.551" classname="com.test.flipkart.BrokenLinkTest"/>
  <testcase name="f" time="3.837" classname="com.test.flipkart.BrokenLinkTest"/>
  <testcase name="f" time="3.462" classname="com.test.flipkart.BrokenLinkTest"/>
  <testcase name="f" time="2.315" classname="com.test.flipkart.BrokenLinkTest"/>
  <testcase name="f" time="4.726" classname="com.test.flipkart.BrokenLinkTest"/>
  <testcase name="f" time="1.920" classname="com.test.flipkart.BrokenLinkTest"/>
  <testcase name="f" time="4.237" classname="com.test.flipkart.BrokenLinkTest"/>
  <testcase name="f" time="3.547" classname="com.test.flipkart.BrokenLinkTest"/>
  <testcase name="f" time="3.233" classname="com.test.flipkart.BrokenLinkTest"/>
  <testcase name="f" time="4.332" classname="com.test.flipkart.BrokenLinkTest"/>
  <testcase name="f" time="3.171" classname="com.test.flipkart.BrokenLinkTest"/>
  <testcase name="f" time="6.748" classname="com.test.flipkart.BrokenLinkTest"/>
  <testcase name="f" time="1.723" classname="com.test.flipkart.BrokenLinkTest"/>
  <testcase name="f" time="11.513" classname="com.test.flipkart.BrokenLinkTest"/>
  <testcase name="f" time="16.150" classname="com.test.flipkart.BrokenLinkTest"/>
  <testcase name="f" time="7.877" classname="com.test.flipkart.BrokenLinkTest"/>
  <testcase name="f" time="14.669" classname="com.test.flipkart.BrokenLinkTest"/>
  <testcase name="f" time="2.558" classname="com.test.flipkart.BrokenLinkTest"/>
  <testcase name="f" time="6.591" classname="com.test.flipkart.BrokenLinkTest"/>
  <testcase name="f" time="5.855" classname="com.test.flipkart.BrokenLinkTest"/>
  <testcase name="f" time="2.821" classname="com.test.flipkart.BrokenLinkTest"/>
  <testcase name="f" time="4.185" classname="com.test.flipkart.BrokenLinkTest"/>
  <testcase name="f" time="2.861" classname="com.test.flipkart.BrokenLinkTest"/>
  <testcase name="f" time="4.225" classname="com.test.flipkart.BrokenLinkTest"/>
  <testcase name="f" time="2.712" classname="com.test.flipkart.BrokenLinkTest"/>
  <testcase name="f" time="5.933" classname="com.test.flipkart.BrokenLinkTest"/>
  <testcase name="f" time="6.143" classname="com.test.flipkart.BrokenLinkTest"/>
  <testcase name="f" time="9.029" classname="com.test.flipkart.BrokenLinkTest"/>
  <testcase name="f" time="11.201" classname="com.test.flipkart.BrokenLinkTest"/>
  <testcase name="f" time="2.287" classname="com.test.flipkart.BrokenLinkTest"/>
  <testcase name="f" time="4.157" classname="com.test.flipkart.BrokenLinkTest"/>
  <testcase name="f" time="11.400" classname="com.test.flipkart.BrokenLinkTest"/>
  <testcase name="f" time="3.072" classname="com.test.flipkart.BrokenLinkTest"/>
  <testcase name="f" time="4.046" classname="com.test.flipkart.BrokenLinkTest"/>
  <testcase name="f" time="2.694" classname="com.test.flipkart.BrokenLinkTest"/>
  <testcase name="f" time="2.631" classname="com.test.flipkart.BrokenLinkTest"/>
  <testcase name="f" time="4.767" classname="com.test.flipkart.BrokenLinkTest"/>
  <testcase name="f" time="4.052" classname="com.test.flipkart.BrokenLinkTest"/>
  <testcase name="f" time="3.392" classname="com.test.flipkart.BrokenLinkTest"/>
  <testcase name="f" time="5.116" classname="com.test.flipkart.BrokenLinkTest"/>
  <testcase name="f" time="2.111" classname="com.test.flipkart.BrokenLinkTest"/>
  <testcase name="f" time="2.451" classname="com.test.flipkart.BrokenLinkTest"/>
  <testcase name="f" time="6.161" classname="com.test.flipkart.BrokenLinkTest"/>
  <testcase name="f" time="10.384" classname="com.test.flipkart.BrokenLinkTest"/>
  <testcase name="f" time="4.378" classname="com.test.flipkart.BrokenLinkTest"/>
  <testcase name="f" time="2.352" classname="com.test.flipkart.BrokenLinkTest"/>
  <testcase name="f" time="10.592" classname="com.test.flipkart.BrokenLinkTest"/>
  <testcase name="f" time="29.788" classname="com.test.flipkart.BrokenLinkTest"/>
  <testcase name="f" time="3.805" classname="com.test.flipkart.BrokenLinkTest"/>
  <testcase name="f" time="2.952" classname="com.test.flipkart.BrokenLinkTest"/>
  <testcase name="f" time="9.595" classname="com.test.flipkart.BrokenLinkTest"/>
  <testcase name="f" time="7.608" classname="com.test.flipkart.BrokenLinkTest"/>
  <testcase name="f" time="12.416" classname="com.test.flipkart.BrokenLinkTest"/>
  <testcase name="f" time="9.526" classname="com.test.flipkart.BrokenLinkTest"/>
  <testcase name="f" time="6.031" classname="com.test.flipkart.BrokenLinkTest"/>
  <testcase name="f" time="4.754" classname="com.test.flipkart.BrokenLinkTest"/>
  <testcase name="f" time="0.694" classname="com.test.flipkart.BrokenLinkTest"/>
  <testcase name="f" time="13.000" classname="com.test.flipkart.BrokenLinkTest"/>
  <testcase name="f" time="2.475" classname="com.test.flipkart.BrokenLinkTest"/>
  <testcase name="f" time="4.174" classname="com.test.flipkart.BrokenLinkTest"/>
  <testcase name="f" time="5.740" classname="com.test.flipkart.BrokenLinkTest"/>
  <testcase name="f" time="4.274" classname="com.test.flipkart.BrokenLinkTest"/>
  <testcase name="f" time="2.220" classname="com.test.flipkart.BrokenLinkTest"/>
  <testcase name="f" time="4.931" classname="com.test.flipkart.BrokenLinkTest"/>
  <testcase name="f" time="2.209" classname="com.test.flipkart.BrokenLinkTest"/>
  <testcase name="f" time="6.533" classname="com.test.flipkart.BrokenLinkTest"/>
  <testcase name="f" time="3.487" classname="com.test.flipkart.BrokenLinkTest"/>
  <testcase name="f" time="1.151" classname="com.test.flipkart.BrokenLinkTest"/>
  <testcase name="f" time="2.131" classname="com.test.flipkart.BrokenLinkTest"/>
  <testcase name="f" time="3.878" classname="com.test.flipkart.BrokenLinkTest"/>
  <testcase name="f" time="2.887" classname="com.test.flipkart.BrokenLinkTest"/>
  <testcase name="f" time="4.754" classname="com.test.flipkart.BrokenLinkTest"/>
  <testcase name="f" time="3.190" classname="com.test.flipkart.BrokenLinkTest"/>
  <testcase name="f" time="4.715" classname="com.test.flipkart.BrokenLinkTest"/>
  <testcase name="f" time="9.143" classname="com.test.flipkart.BrokenLinkTest"/>
  <testcase name="f" time="3.781" classname="com.test.flipkart.BrokenLinkTest"/>
  <testcase name="f" time="3.366" classname="com.test.flipkart.BrokenLinkTest"/>
  <testcase name="f" time="12.366" classname="com.test.flipkart.BrokenLinkTest"/>
  <testcase name="f" time="1.243" classname="com.test.flipkart.BrokenLinkTest"/>
  <testcase name="f" time="8.321" classname="com.test.flipkart.BrokenLinkTest"/>
  <testcase name="f" time="8.745" classname="com.test.flipkart.BrokenLinkTest"/>
  <testcase name="f" time="2.715" classname="com.test.flipkart.BrokenLinkTest"/>
  <testcase name="f" time="2.732" classname="com.test.flipkart.BrokenLinkTest"/>
  <testcase name="f" time="4.709" classname="com.test.flipkart.BrokenLinkTest"/>
  <testcase name="f" time="33.842" classname="com.test.flipkart.BrokenLinkTest"/>
  <testcase name="f" time="11.886" classname="com.test.flipkart.BrokenLinkTest"/>
  <testcase name="f" time="2.631" classname="com.test.flipkart.BrokenLinkTest"/>
  <testcase name="f" time="2.345" classname="com.test.flipkart.BrokenLinkTest"/>
  <testcase name="f" time="4.403" classname="com.test.flipkart.BrokenLinkTest"/>
  <testcase name="f" time="4.342" classname="com.test.flipkart.BrokenLinkTest"/>
  <testcase name="f" time="4.589" classname="com.test.flipkart.BrokenLinkTest"/>
  <testcase name="f" time="5.609" classname="com.test.flipkart.BrokenLinkTest"/>
  <testcase name="f" time="4.761" classname="com.test.flipkart.BrokenLinkTest"/>
  <testcase name="f" time="3.496" classname="com.test.flipkart.BrokenLinkTest"/>
  <testcase name="f" time="6.959" classname="com.test.flipkart.BrokenLinkTest"/>
  <testcase name="f" time="3.312" classname="com.test.flipkart.BrokenLinkTest"/>
  <testcase name="f" time="4.712" classname="com.test.flipkart.BrokenLinkTest"/>
  <testcase name="f" time="3.227" classname="com.test.flipkart.BrokenLinkTest"/>
  <testcase name="f" time="12.059" classname="com.test.flipkart.BrokenLinkTest"/>
  <testcase name="f" time="1.605" classname="com.test.flipkart.BrokenLinkTest"/>
  <testcase name="f" time="3.689" classname="com.test.flipkart.BrokenLinkTest"/>
  <testcase name="f" time="12.892" classname="com.test.flipkart.BrokenLinkTest"/>
  <testcase name="f" time="3.993" classname="com.test.flipkart.BrokenLinkTest"/>
  <testcase name="f" time="5.230" classname="com.test.flipkart.BrokenLinkTest"/>
  <testcase name="f" time="8.196" classname="com.test.flipkart.BrokenLinkTest"/>
  <testcase name="f" time="2.368" classname="com.test.flipkart.BrokenLinkTest"/>
  <testcase name="f" time="3.190" classname="com.test.flipkart.BrokenLinkTest"/>
  <testcase name="f" time="6.713" classname="com.test.flipkart.BrokenLinkTest"/>
  <testcase name="f" time="8.527" classname="com.test.flipkart.BrokenLinkTest"/>
  <testcase name="f" time="3.688" classname="com.test.flipkart.BrokenLinkTest"/>
  <testcase name="f" time="2.593" classname="com.test.flipkart.BrokenLinkTest"/>
  <testcase name="f" time="2.583" classname="com.test.flipkart.BrokenLinkTest"/>
  <testcase name="f" time="4.427" classname="com.test.flipkart.BrokenLinkTest"/>
  <testcase name="f" time="3.332" classname="com.test.flipkart.BrokenLinkTest"/>
  <testcase name="f" time="12.953" classname="com.test.flipkart.BrokenLinkTest"/>
  <testcase name="f" time="4.235" classname="com.test.flipkart.BrokenLinkTest"/>
  <testcase name="f" time="5.299" classname="com.test.flipkart.BrokenLinkTest"/>
  <testcase name="f" time="3.913" classname="com.test.flipkart.BrokenLinkTest"/>
  <testcase name="f" time="4.623" classname="com.test.flipkart.BrokenLinkTest"/>
  <testcase name="f" time="7.876" classname="com.test.flipkart.BrokenLinkTest"/>
  <testcase name="f" time="16.098" classname="com.test.flipkart.BrokenLinkTest"/>
  <testcase name="f" time="12.672" classname="com.test.flipkart.BrokenLinkTest"/>
  <testcase name="f" time="4.119" classname="com.test.flipkart.BrokenLinkTest"/>
  <testcase name="f" time="6.386" classname="com.test.flipkart.BrokenLinkTest"/>
  <testcase name="f" time="4.382" classname="com.test.flipkart.BrokenLinkTest"/>
  <testcase name="f" time="2.706" classname="com.test.flipkart.BrokenLinkTest"/>
  <testcase name="f" time="3.652" classname="com.test.flipkart.BrokenLinkTest"/>
  <testcase name="f" time="2.436" classname="com.test.flipkart.BrokenLinkTest"/>
  <testcase name="f" time="2.799" classname="com.test.flipkart.BrokenLinkTest"/>
  <testcase name="f" time="12.865" classname="com.test.flipkart.BrokenLinkTest"/>
  <testcase name="f" time="2.085" classname="com.test.flipkart.BrokenLinkTest"/>
  <testcase name="f" time="16.617" classname="com.test.flipkart.BrokenLinkTest"/>
  <testcase name="f" time="4.819" classname="com.test.flipkart.BrokenLinkTest"/>
  <testcase name="f" time="12.579" classname="com.test.flipkart.BrokenLinkTest"/>
  <testcase name="f" time="2.862" classname="com.test.flipkart.BrokenLinkTest"/>
  <testcase name="f" time="4.186" classname="com.test.flipkart.BrokenLinkTest"/>
  <testcase name="f" time="2.594" classname="com.test.flipkart.BrokenLinkTest"/>
  <testcase name="f" time="14.472" classname="com.test.flipkart.BrokenLinkTest"/>
  <testcase name="f" time="2.265" classname="com.test.flipkart.BrokenLinkTest"/>
  <testcase name="f" time="3.422" classname="com.test.flipkart.BrokenLinkTest"/>
  <testcase name="f" time="5.288" classname="com.test.flipkart.BrokenLinkTest"/>
  <testcase name="f" time="1.947" classname="com.test.flipkart.BrokenLinkTest"/>
  <testcase name="f" time="5.654" classname="com.test.flipkart.BrokenLinkTest"/>
  <testcase name="f" time="3.408" classname="com.test.flipkart.BrokenLinkTest"/>
  <testcase name="f" time="2.871" classname="com.test.flipkart.BrokenLinkTest"/>
  <testcase name="f" time="2.757" classname="com.test.flipkart.BrokenLinkTest"/>
  <testcase name="f" time="9.161" classname="com.test.flipkart.BrokenLinkTest"/>
  <testcase name="f" time="3.696" classname="com.test.flipkart.BrokenLinkTest"/>
  <testcase name="f" time="7.948" classname="com.test.flipkart.BrokenLinkTest"/>
  <testcase name="f" time="3.071" classname="com.test.flipkart.BrokenLinkTest"/>
  <testcase name="f" time="11.315" classname="com.test.flipkart.BrokenLinkTest"/>
  <testcase name="f" time="3.989" classname="com.test.flipkart.BrokenLinkTest"/>
  <testcase name="f" time="12.084" classname="com.test.flipkart.BrokenLinkTest"/>
  <testcase name="f" time="3.889" classname="com.test.flipkart.BrokenLinkTest"/>
  <testcase name="f" time="2.998" classname="com.test.flipkart.BrokenLinkTest"/>
  <testcase name="f" time="9.274" classname="com.test.flipkart.BrokenLinkTest"/>
  <testcase name="f" time="2.844" classname="com.test.flipkart.BrokenLinkTest"/>
  <testcase name="f" time="11.241" classname="com.test.flipkart.BrokenLinkTest"/>
  <testcase name="f" time="14.792" classname="com.test.flipkart.BrokenLinkTest"/>
  <testcase name="f" time="3.506" classname="com.test.flipkart.BrokenLinkTest"/>
  <testcase name="f" time="4.291" classname="com.test.flipkart.BrokenLinkTest"/>
  <testcase name="f" time="3.382" classname="com.test.flipkart.BrokenLinkTest"/>
  <testcase name="f" time="3.366" classname="com.test.flipkart.BrokenLinkTest"/>
  <testcase name="f" time="2.792" classname="com.test.flipkart.BrokenLinkTest"/>
  <testcase name="f" time="3.710" classname="com.test.flipkart.BrokenLinkTest"/>
  <testcase name="f" time="5.235" classname="com.test.flipkart.BrokenLinkTest"/>
  <testcase name="f" time="3.474" classname="com.test.flipkart.BrokenLinkTest"/>
  <testcase name="f" time="16.378" classname="com.test.flipkart.BrokenLinkTest"/>
  <testcase name="f" time="3.545" classname="com.test.flipkart.BrokenLinkTest"/>
  <testcase name="f" time="4.397" classname="com.test.flipkart.BrokenLinkTest"/>
  <testcase name="f" time="8.346" classname="com.test.flipkart.BrokenLinkTest"/>
  <testcase name="f" time="1.059" classname="com.test.flipkart.BrokenLinkTest"/>
  <testcase name="f" time="6.015" classname="com.test.flipkart.BrokenLinkTest"/>
  <testcase name="f" time="4.757" classname="com.test.flipkart.BrokenLinkTest"/>
  <testcase name="f" time="4.974" classname="com.test.flipkart.BrokenLinkTest"/>
  <testcase name="f" time="3.206" classname="com.test.flipkart.BrokenLinkTest"/>
  <testcase name="f" time="3.676" classname="com.test.flipkart.BrokenLinkTest"/>
  <testcase name="f" time="12.455" classname="com.test.flipkart.BrokenLinkTest"/>
  <testcase name="f" time="3.683" classname="com.test.flipkart.BrokenLinkTest"/>
  <testcase name="f" time="2.805" classname="com.test.flipkart.BrokenLinkTest"/>
  <testcase name="f" time="2.785" classname="com.test.flipkart.BrokenLinkTest"/>
  <testcase name="f" time="3.115" classname="com.test.flipkart.BrokenLinkTest"/>
  <testcase name="f" time="3.119" classname="com.test.flipkart.BrokenLinkTest"/>
  <testcase name="f" time="3.646" classname="com.test.flipkart.BrokenLinkTest"/>
  <testcase name="f" time="1.244" classname="com.test.flipkart.BrokenLinkTest"/>
  <testcase name="f" time="3.973" classname="com.test.flipkart.BrokenLinkTest"/>
  <testcase name="f" time="2.375" classname="com.test.flipkart.BrokenLinkTest"/>
  <testcase name="f" time="22.604" classname="com.test.flipkart.BrokenLinkTest"/>
  <testcase name="f" time="20.323" classname="com.test.flipkart.BrokenLinkTest"/>
  <testcase name="f" time="4.726" classname="com.test.flipkart.BrokenLinkTest"/>
  <testcase name="f" time="3.825" classname="com.test.flipkart.BrokenLinkTest"/>
  <testcase name="f" time="2.058" classname="com.test.flipkart.BrokenLinkTest"/>
  <testcase name="f" time="17.476" classname="com.test.flipkart.BrokenLinkTest"/>
  <testcase name="f" time="8.015" classname="com.test.flipkart.BrokenLinkTest"/>
  <testcase name="f" time="3.859" classname="com.test.flipkart.BrokenLinkTest"/>
  <testcase name="f" time="32.912" classname="com.test.flipkart.BrokenLinkTest"/>
  <testcase name="f" time="4.253" classname="com.test.flipkart.BrokenLinkTest"/>
  <testcase name="f" time="6.987" classname="com.test.flipkart.BrokenLinkTest"/>
  <testcase name="f" time="12.342" classname="com.test.flipkart.BrokenLinkTest"/>
  <testcase name="f" time="7.813" classname="com.test.flipkart.BrokenLinkTest"/>
  <testcase name="f" time="11.874" classname="com.test.flipkart.BrokenLinkTest"/>
  <testcase name="f" time="11.944" classname="com.test.flipkart.BrokenLinkTest"/>
  <testcase name="f" time="2.644" classname="com.test.flipkart.BrokenLinkTest"/>
  <testcase name="f" time="23.499" classname="com.test.flipkart.BrokenLinkTest"/>
  <testcase name="f" time="1.542" classname="com.test.flipkart.BrokenLinkTest"/>
  <testcase name="f" time="6.660" classname="com.test.flipkart.BrokenLinkTest"/>
  <testcase name="f" time="3.632" classname="com.test.flipkart.BrokenLinkTest"/>
  <testcase name="f" time="22.888" classname="com.test.flipkart.BrokenLinkTest"/>
  <testcase name="f" time="2.928" classname="com.test.flipkart.BrokenLinkTest"/>
  <testcase name="f" time="4.647" classname="com.test.flipkart.BrokenLinkTest"/>
  <testcase name="f" time="2.264" classname="com.test.flipkart.BrokenLinkTest"/>
  <testcase name="f" time="2.655" classname="com.test.flipkart.BrokenLinkTest"/>
  <testcase name="f" time="3.419" classname="com.test.flipkart.BrokenLinkTest"/>
  <testcase name="f" time="8.094" classname="com.test.flipkart.BrokenLinkTest"/>
  <testcase name="f" time="5.316" classname="com.test.flipkart.BrokenLinkTest"/>
  <testcase name="f" time="16.031" classname="com.test.flipkart.BrokenLinkTest"/>
  <testcase name="f" time="3.323" classname="com.test.flipkart.BrokenLinkTest"/>
  <testcase name="f" time="1.181" classname="com.test.flipkart.BrokenLinkTest"/>
  <testcase name="f" time="2.218" classname="com.test.flipkart.BrokenLinkTest"/>
  <testcase name="f" time="5.339" classname="com.test.flipkart.BrokenLinkTest"/>
  <testcase name="f" time="4.561" classname="com.test.flipkart.BrokenLinkTest"/>
  <testcase name="f" time="2.598" classname="com.test.flipkart.BrokenLinkTest"/>
  <testcase name="f" time="13.739" classname="com.test.flipkart.BrokenLinkTest"/>
  <testcase name="f" time="3.513" classname="com.test.flipkart.BrokenLinkTest"/>
  <testcase name="f" time="4.959" classname="com.test.flipkart.BrokenLinkTest"/>
  <testcase name="f" time="4.827" classname="com.test.flipkart.BrokenLinkTest"/>
  <testcase name="f" time="4.166" classname="com.test.flipkart.BrokenLinkTest"/>
  <testcase name="f" time="10.330" classname="com.test.flipkart.BrokenLinkTest"/>
  <testcase name="f" time="2.983" classname="com.test.flipkart.BrokenLinkTest"/>
  <testcase name="f" time="1.722" classname="com.test.flipkart.BrokenLinkTest"/>
  <testcase name="f" time="4.866" classname="com.test.flipkart.BrokenLinkTest"/>
  <testcase name="f" time="17.908" classname="com.test.flipkart.BrokenLinkTest"/>
  <testcase name="f" time="11.783" classname="com.test.flipkart.BrokenLinkTest"/>
  <testcase name="f" time="2.246" classname="com.test.flipkart.BrokenLinkTest"/>
  <testcase name="f" time="4.654" classname="com.test.flipkart.BrokenLinkTest"/>
  <testcase name="f" time="2.077" classname="com.test.flipkart.BrokenLinkTest"/>
  <testcase name="f" time="2.034" classname="com.test.flipkart.BrokenLinkTest"/>
  <testcase name="f" time="2.881" classname="com.test.flipkart.BrokenLinkTest"/>
  <testcase name="f" time="2.585" classname="com.test.flipkart.BrokenLinkTest"/>
  <testcase name="f" time="12.443" classname="com.test.flipkart.BrokenLinkTest"/>
  <testcase name="f" time="6.060" classname="com.test.flipkart.BrokenLinkTest"/>
  <testcase name="f" time="3.420" classname="com.test.flipkart.BrokenLinkTest"/>
  <testcase name="f" time="2.899" classname="com.test.flipkart.BrokenLinkTest"/>
  <testcase name="f" time="1.569" classname="com.test.flipkart.BrokenLinkTest"/>
  <testcase name="f" time="3.254" classname="com.test.flipkart.BrokenLinkTest"/>
  <testcase name="f" time="12.191" classname="com.test.flipkart.BrokenLinkTest"/>
  <testcase name="f" time="3.669" classname="com.test.flipkart.BrokenLinkTest"/>
  <testcase name="f" time="2.232" classname="com.test.flipkart.BrokenLinkTest"/>
  <testcase name="f" time="3.612" classname="com.test.flipkart.BrokenLinkTest"/>
  <testcase name="f" time="11.212" classname="com.test.flipkart.BrokenLinkTest"/>
  <testcase name="f" time="3.903" classname="com.test.flipkart.BrokenLinkTest"/>
  <testcase name="f" time="12.215" classname="com.test.flipkart.BrokenLinkTest"/>
  <testcase name="f" time="14.211" classname="com.test.flipkart.BrokenLinkTest"/>
  <testcase name="f" time="12.114" classname="com.test.flipkart.BrokenLinkTest"/>
  <testcase name="f" time="39.570" classname="com.test.flipkart.BrokenLinkTest"/>
  <testcase name="f" time="14.124" classname="com.test.flipkart.BrokenLinkTest"/>
  <testcase name="f" time="6.829" classname="com.test.flipkart.BrokenLinkTest"/>
  <testcase name="f" time="4.558" classname="com.test.flipkart.BrokenLinkTest"/>
  <testcase name="f" time="3.590" classname="com.test.flipkart.BrokenLinkTest"/>
  <testcase name="f" time="5.424" classname="com.test.flipkart.BrokenLinkTest"/>
  <testcase name="f" time="3.545" classname="com.test.flipkart.BrokenLinkTest"/>
  <testcase name="f" time="3.056" classname="com.test.flipkart.BrokenLinkTest"/>
  <testcase name="f" time="1.164" classname="com.test.flipkart.BrokenLinkTest"/>
  <testcase name="f" time="12.116" classname="com.test.flipkart.BrokenLinkTest"/>
  <testcase name="f" time="6.375" classname="com.test.flipkart.BrokenLinkTest"/>
  <testcase name="f" time="2.672" classname="com.test.flipkart.BrokenLinkTest"/>
  <testcase name="f" time="24.454" classname="com.test.flipkart.BrokenLinkTest"/>
  <testcase name="f" time="4.794" classname="com.test.flipkart.BrokenLinkTest"/>
  <testcase name="f" time="15.690" classname="com.test.flipkart.BrokenLinkTest"/>
  <testcase name="f" time="5.253" classname="com.test.flipkart.BrokenLinkTest"/>
  <testcase name="f" time="2.946" classname="com.test.flipkart.BrokenLinkTest"/>
  <testcase name="f" time="3.885" classname="com.test.flipkart.BrokenLinkTest"/>
  <testcase name="f" time="3.007" classname="com.test.flipkart.BrokenLinkTest"/>
  <testcase name="f" time="2.348" classname="com.test.flipkart.BrokenLinkTest"/>
  <testcase name="f" time="4.242" classname="com.test.flipkart.BrokenLinkTest"/>
  <testcase name="f" time="8.137" classname="com.test.flipkart.BrokenLinkTest"/>
  <testcase name="f" time="6.741" classname="com.test.flipkart.BrokenLinkTest"/>
  <testcase name="f" time="3.742" classname="com.test.flipkart.BrokenLinkTest"/>
  <testcase name="f" time="2.412" classname="com.test.flipkart.BrokenLinkTest"/>
  <testcase name="f" time="2.102" classname="com.test.flipkart.BrokenLinkTest"/>
  <testcase name="f" time="4.998" classname="com.test.flipkart.BrokenLinkTest"/>
  <testcase name="f" time="3.499" classname="com.test.flipkart.BrokenLinkTest"/>
  <testcase name="f" time="3.525" classname="com.test.flipkart.BrokenLinkTest"/>
  <testcase name="f" time="12.398" classname="com.test.flipkart.BrokenLinkTest"/>
  <testcase name="f" time="3.418" classname="com.test.flipkart.BrokenLinkTest"/>
  <testcase name="f" time="3.632" classname="com.test.flipkart.BrokenLinkTest"/>
  <testcase name="f" time="2.860" classname="com.test.flipkart.BrokenLinkTest"/>
  <testcase name="f" time="3.409" classname="com.test.flipkart.BrokenLinkTest"/>
  <testcase name="f" time="2.187" classname="com.test.flipkart.BrokenLinkTest"/>
  <testcase name="f" time="7.299" classname="com.test.flipkart.BrokenLinkTest"/>
  <testcase name="f" time="4.070" classname="com.test.flipkart.BrokenLinkTest"/>
  <testcase name="f" time="15.166" classname="com.test.flipkart.BrokenLinkTest"/>
  <testcase name="f" time="5.535" classname="com.test.flipkart.BrokenLinkTest"/>
  <testcase name="f" time="2.864" classname="com.test.flipkart.BrokenLinkTest"/>
  <testcase name="f" time="8.417" classname="com.test.flipkart.BrokenLinkTest"/>
  <testcase name="f" time="4.144" classname="com.test.flipkart.BrokenLinkTest"/>
  <testcase name="f" time="1.791" classname="com.test.flipkart.BrokenLinkTest"/>
  <testcase name="f" time="2.541" classname="com.test.flipkart.BrokenLinkTest"/>
  <testcase name="f" time="2.020" classname="com.test.flipkart.BrokenLinkTest"/>
  <testcase name="f" time="2.111" classname="com.test.flipkart.BrokenLinkTest"/>
  <testcase name="f" time="11.922" classname="com.test.flipkart.BrokenLinkTest"/>
  <testcase name="f" time="7.678" classname="com.test.flipkart.BrokenLinkTest"/>
  <testcase name="f" time="2.738" classname="com.test.flipkart.BrokenLinkTest"/>
  <testcase name="f" time="2.921" classname="com.test.flipkart.BrokenLinkTest"/>
  <testcase name="f" time="2.272" classname="com.test.flipkart.BrokenLinkTest"/>
  <testcase name="f" time="3.211" classname="com.test.flipkart.BrokenLinkTest"/>
  <testcase name="f" time="11.476" classname="com.test.flipkart.BrokenLinkTest"/>
  <testcase name="f" time="4.237" classname="com.test.flipkart.BrokenLinkTest"/>
  <testcase name="f" time="33.250" classname="com.test.flipkart.BrokenLinkTest"/>
  <testcase name="f" time="4.879" classname="com.test.flipkart.BrokenLinkTest"/>
  <testcase name="f" time="3.053" classname="com.test.flipkart.BrokenLinkTest"/>
  <testcase name="f" time="2.826" classname="com.test.flipkart.BrokenLinkTest"/>
  <testcase name="f" time="11.141" classname="com.test.flipkart.BrokenLinkTest"/>
  <testcase name="f" time="5.573" classname="com.test.flipkart.BrokenLinkTest"/>
  <testcase name="f" time="9.354" classname="com.test.flipkart.BrokenLinkTest"/>
  <testcase name="f" time="3.669" classname="com.test.flipkart.BrokenLinkTest"/>
  <testcase name="f" time="4.195" classname="com.test.flipkart.BrokenLinkTest"/>
  <testcase name="f" time="3.241" classname="com.test.flipkart.BrokenLinkTest"/>
  <testcase name="f" time="5.427" classname="com.test.flipkart.BrokenLinkTest"/>
  <testcase name="f" time="6.583" classname="com.test.flipkart.BrokenLinkTest"/>
  <testcase name="f" time="3.465" classname="com.test.flipkart.BrokenLinkTest"/>
  <testcase name="f" time="3.822" classname="com.test.flipkart.BrokenLinkTest"/>
  <testcase name="f" time="4.595" classname="com.test.flipkart.BrokenLinkTest"/>
  <testcase name="f" time="9.982" classname="com.test.flipkart.BrokenLinkTest"/>
  <testcase name="f" time="2.965" classname="com.test.flipkart.BrokenLinkTest"/>
  <testcase name="f" time="11.935" classname="com.test.flipkart.BrokenLinkTest"/>
  <testcase name="f" time="3.283" classname="com.test.flipkart.BrokenLinkTest"/>
  <testcase name="f" time="3.257" classname="com.test.flipkart.BrokenLinkTest"/>
  <testcase name="f" time="4.954" classname="com.test.flipkart.BrokenLinkTest"/>
  <testcase name="f" time="4.245" classname="com.test.flipkart.BrokenLinkTest"/>
  <testcase name="f" time="3.612" classname="com.test.flipkart.BrokenLinkTest"/>
  <testcase name="f" time="5.071" classname="com.test.flipkart.BrokenLinkTest"/>
</testsuite> <!-- com.test.flipkart.BrokenLinkTest -->
