<?xml version="1.0" encoding="UTF-8"?>
<!-- Generated by org.testng.reporters.JUnitReportReporter -->
<testsuite skipped="0" hostname="DAWN" name="com.flipkart.qa.runner.BrokenLinkRunner" tests="1" failures="0" timestamp="19 Mar 2019 20:45:25 GMT" time="0.466" errors="0">
  <testcase name="bLTest" time="0.466" classname="com.flipkart.qa.runner.BrokenLinkRunner"/>
</testsuite> <!-- com.flipkart.qa.runner.BrokenLinkRunner -->
