<?xml version="1.0" encoding="UTF-8"?>
<!-- Generated by org.testng.reporters.JUnitReportReporter -->
<testsuite skipped="1" hostname="DAWN" name="com.test.flipkart.BrokenLinkTest" tests="1" failures="0" timestamp="16 Mar 2019 21:06:21 GMT" time="0.000" errors="0">
  <testcase name="f" time="0.000" classname="com.test.flipkart.BrokenLinkTest">
    <skipped/>
  </testcase> <!-- f -->
</testsuite> <!-- com.test.flipkart.BrokenLinkTest -->
